hi
2013-02-08 19:24:31,666 INFO:	 processed
2013-02-08 19:24:31,761 INFO:	css requested
2013-02-08 19:24:31,921 INFO:	request for non-existant page: favicon.ico
2013-02-08 19:24:34,376 INFO:	 processed
2013-02-08 19:24:34,410 INFO:	css requested
2013-02-08 19:24:34,518 INFO:	request for non-existant page: favicon.ico
2013-02-08 19:24:34,967 INFO:	 processed
2013-02-08 19:24:34,999 INFO:	css requested
2013-02-08 19:24:35,073 INFO:	request for non-existant page: favicon.ico
2013-02-08 19:24:35,447 INFO:	 processed
2013-02-08 19:24:35,481 INFO:	css requested
2013-02-08 19:24:35,681 INFO:	request for non-existant page: favicon.ico
2013-02-08 19:24:35,988 INFO:	 processed
2013-02-08 19:24:36,023 INFO:	css requested
2013-02-08 19:24:36,095 INFO:	request for non-existant page: favicon.ico
2013-02-08 19:24:36,353 INFO:	 processed
2013-02-08 19:24:36,384 INFO:	css requested
2013-02-08 19:24:36,479 INFO:	request for non-existant page: favicon.ico
2013-02-08 19:24:36,842 INFO:	 processed
2013-02-08 19:24:36,870 INFO:	css requested
2013-02-08 19:24:36,939 INFO:	request for non-existant page: favicon.ico
2013-02-08 19:24:38,707 INFO:	 processed
2013-02-08 19:24:38,747 INFO:	css requested
2013-02-08 19:24:38,829 INFO:	request for non-existant page: favicon.ico
2013-02-08 19:24:39,225 INFO:	 processed
2013-02-08 19:24:39,253 INFO:	css requested
2013-02-08 19:24:39,322 INFO:	request for non-existant page: favicon.ico
2013-02-08 19:24:39,680 INFO:	 processed
2013-02-08 19:24:39,709 INFO:	css requested
2013-02-08 19:24:39,782 INFO:	request for non-existant page: favicon.ico
2013-02-08 19:24:39,975 INFO:	 processed
2013-02-08 19:24:40,005 INFO:	css requested
2013-02-08 19:24:40,076 INFO:	request for non-existant page: favicon.ico
2013-02-08 19:24:40,316 INFO:	 processed
2013-02-08 19:24:40,346 INFO:	css requested
2013-02-08 19:24:40,441 INFO:	request for non-existant page: favicon.ico
2013-02-08 19:24:41,758 INFO:	 processed
2013-02-08 19:24:41,791 INFO:	css requested
2013-02-08 19:24:41,885 INFO:	request for non-existant page: favicon.ico
2013-02-08 19:24:48,214 INFO:	css requested
2013-02-08 19:24:48,324 INFO:	request for non-existant page: favicon.ico
2013-02-08 19:24:48,949 INFO:	css requested
2013-02-08 19:24:49,046 INFO:	request for non-existant page: favicon.ico
2013-02-08 20:05:32,540 INFO:	 processed
2013-02-08 20:05:32,743 INFO:	request for non-existant page: favicon.ico
2013-02-08 20:06:16,164 INFO:	 processed
2013-02-08 20:06:16,216 INFO:	css requested
2013-02-08 20:06:16,341 INFO:	request for non-existant page: favicon.ico
2013-02-08 20:06:24,181 INFO:	 processed
2013-02-08 20:06:24,228 INFO:	css requested
2013-02-08 20:06:24,348 INFO:	request for non-existant page: favicon.ico
2013-02-08 20:06:24,914 INFO:	 processed
2013-02-08 20:06:24,946 INFO:	css requested
2013-02-08 20:06:25,032 INFO:	request for non-existant page: favicon.ico
2013-02-08 20:06:25,258 INFO:	 processed
2013-02-08 20:06:25,294 INFO:	css requested
2013-02-08 20:06:25,408 INFO:	request for non-existant page: favicon.ico
2013-02-08 20:06:25,557 INFO:	 processed
2013-02-08 20:06:25,589 INFO:	css requested
2013-02-08 20:06:25,670 INFO:	request for non-existant page: favicon.ico
2013-02-08 20:06:26,226 INFO:	 processed
2013-02-08 20:06:26,266 INFO:	css requested
2013-02-08 20:06:26,349 INFO:	request for non-existant page: favicon.ico
2013-02-08 20:07:50,328 INFO:	 processed
2013-02-08 20:07:50,376 INFO:	css requested
2013-02-08 20:07:50,501 INFO:	request for non-existant page: favicon.ico
2013-02-08 20:07:52,626 INFO:	 processed
2013-02-08 20:07:52,664 INFO:	css requested
2013-02-08 20:07:52,753 INFO:	request for non-existant page: favicon.ico
2013-02-08 20:07:58,565 INFO:	 processed
2013-02-08 20:07:58,617 INFO:	css requested
2013-02-08 20:07:58,731 INFO:	request for non-existant page: favicon.ico
2013-02-08 20:07:58,988 INFO:	 processed
2013-02-08 20:07:59,031 INFO:	css requested
2013-02-08 20:07:59,116 INFO:	request for non-existant page: favicon.ico
2013-02-08 20:07:59,622 INFO:	 processed
2013-02-08 20:07:59,654 INFO:	css requested
2013-02-08 20:07:59,738 INFO:	request for non-existant page: favicon.ico
2013-02-08 20:07:59,935 INFO:	 processed
2013-02-08 20:07:59,971 INFO:	css requested
2013-02-08 20:08:00,151 INFO:	request for non-existant page: favicon.ico
2013-02-08 20:08:00,587 INFO:	 processed
2013-02-08 20:08:00,618 INFO:	css requested
2013-02-08 20:08:00,707 INFO:	request for non-existant page: favicon.ico
2013-02-08 20:08:00,926 INFO:	 processed
2013-02-08 20:08:00,957 INFO:	css requested
2013-02-08 20:08:01,049 INFO:	request for non-existant page: favicon.ico
2013-02-08 20:08:56,368 INFO:	 processed
2013-02-08 20:08:56,381 INFO:	 processed
2013-02-08 20:08:56,397 INFO:	 processed
2013-02-08 20:08:56,550 INFO:	css requested
2013-02-08 20:08:56,690 INFO:	request for non-existant page: favicon.ico
2013-02-08 20:23:28,977 INFO:	 processed
2013-02-08 20:23:29,023 INFO:	css requested
2013-02-08 20:23:31,024 INFO:	 processed
2013-02-08 20:23:31,036 INFO:	request for non-existant page: favicon.ico
2013-02-08 20:23:31,061 INFO:	css requested
2013-02-08 20:23:31,154 INFO:	request for non-existant page: favicon.ico
2013-02-08 20:24:03,942 INFO:	request for non-existant page: favicon.ico
2013-02-08 20:24:15,567 INFO:	 processed
2013-02-08 20:24:15,621 INFO:	css requested
2013-02-08 20:24:15,743 INFO:	request for non-existant page: favicon.ico
2013-02-08 20:24:21,871 INFO:	 processed
2013-02-08 20:24:21,919 INFO:	css requested
2013-02-08 20:24:22,039 INFO:	request for non-existant page: favicon.ico
2013-02-08 20:24:27,388 INFO:	asdf processed
2013-02-08 20:24:27,421 INFO:	css requested
2013-02-08 20:24:27,506 INFO:	request for non-existant page: favicon.ico
2013-02-08 20:34:26,440 INFO:	asdf processed
2013-02-08 20:34:26,549 INFO:	css requested
2013-02-08 20:34:26,696 INFO:	request for non-existant page: favicon.ico
2013-02-08 20:34:49,753 INFO:	 processed
2013-02-08 20:34:49,801 INFO:	css requested
2013-02-08 20:34:49,934 INFO:	request for non-existant page: favicon.ico
2013-02-08 20:34:53,205 INFO:	 processed
2013-02-08 20:34:53,256 INFO:	css requested
2013-02-08 20:34:53,423 INFO:	request for non-existant page: favicon.ico
2013-02-08 20:38:02,196 INFO:	 processed
2013-02-08 20:38:02,273 INFO:	css requested
2013-02-08 20:38:02,433 INFO:	request for non-existant page: favicon.ico
2013-02-08 20:38:04,792 INFO:	Out processed
2013-02-08 20:38:04,862 INFO:	css requested
2013-02-08 20:38:05,019 INFO:	request for non-existant page: favicon.ico
2013-02-08 20:38:05,799 INFO:	Draw processed
2013-02-08 20:38:05,935 INFO:	css requested
2013-02-08 20:38:06,104 INFO:	request for non-existant page: favicon.ico
2013-02-08 20:38:46,087 INFO:	New processed
2013-02-08 20:38:46,152 INFO:	css requested
2013-02-08 20:38:46,366 INFO:	request for non-existant page: favicon.ico
2013-02-08 20:38:47,321 INFO:	Out processed
2013-02-08 20:38:47,355 INFO:	css requested
2013-02-08 20:38:47,503 INFO:	request for non-existant page: favicon.ico
2013-02-08 20:38:49,321 INFO:	Phase processed
2013-02-08 20:38:49,360 INFO:	css requested
2013-02-08 20:38:49,527 INFO:	request for non-existant page: favicon.ico
2013-02-08 20:38:50,801 INFO:	Phase processed
2013-02-08 20:38:50,837 INFO:	css requested
2013-02-08 20:38:50,939 INFO:	request for non-existant page: favicon.ico
2013-02-08 20:39:00,066 INFO:	Turn processed
2013-02-08 20:39:00,150 INFO:	css requested
2013-02-08 20:39:00,274 INFO:	request for non-existant page: favicon.ico
2013-02-08 20:39:02,410 INFO:	Setup processed
2013-02-08 20:39:02,472 INFO:	css requested
2013-02-08 20:39:02,594 INFO:	request for non-existant page: favicon.ico
2013-02-08 20:39:03,682 INFO:	Draw processed
2013-02-08 20:39:03,759 INFO:	css requested
2013-02-08 20:39:04,014 INFO:	request for non-existant page: favicon.ico
2013-02-08 20:39:05,558 INFO:	Out processed
2013-02-08 20:39:05,620 INFO:	css requested
2013-02-08 20:39:05,782 INFO:	request for non-existant page: favicon.ico
2013-02-08 21:17:31,812 INFO:	Out processed
2013-02-08 21:17:32,031 INFO:	request for non-existant page: favicon.ico
2013-02-08 21:18:21,862 INFO:	 processed
2013-02-08 21:18:22,204 INFO:	request for non-existant page: favicon.ico
2013-02-08 21:18:23,819 INFO:	Draw processed
2013-02-08 21:18:24,034 INFO:	request for non-existant page: favicon.ico
2013-02-08 21:18:25,788 INFO:	Out processed
2013-02-08 21:18:25,974 INFO:	request for non-existant page: favicon.ico
2013-02-08 21:23:32,638 INFO:	Out processed
2013-02-08 21:23:33,248 INFO:	request for non-existant page: favicon.ico
2013-02-08 21:33:03,181 INFO:	Out processed
2013-02-08 21:33:03,413 INFO:	css requested
2013-02-08 21:42:02,631 INFO:	request for non-existant page: asdf
2013-02-08 21:42:02,661 INFO:	css requested
2013-02-08 21:42:02,689 INFO:	request for non-existant page: quinten/images/back.png
2013-02-08 21:42:02,777 INFO:	request for non-existant page: favicon.ico
2013-02-08 21:42:06,143 INFO:	 processed
2013-02-08 21:42:06,209 INFO:	css requested
2013-02-08 21:42:06,255 INFO:	request for non-existant page: quinten/images/back.png
2013-02-08 21:42:06,384 INFO:	request for non-existant page: favicon.ico
2013-02-08 21:42:07,511 INFO:	Out processed
2013-02-08 21:42:07,540 INFO:	css requested
2013-02-08 21:42:07,570 INFO:	request for non-existant page: quinten/images/back.png
2013-02-08 21:42:07,655 INFO:	request for non-existant page: favicon.ico
2013-02-08 21:42:13,182 INFO:	request for non-existant page: css
2013-02-08 21:42:13,215 INFO:	css requested
2013-02-08 21:42:13,247 INFO:	request for non-existant page: quinten/images/back.png
2013-02-08 21:42:13,302 INFO:	request for non-existant page: favicon.ico
2013-02-08 21:42:19,309 INFO:	css requested
2013-02-08 21:42:19,418 INFO:	request for non-existant page: favicon.ico
2013-02-08 21:42:27,758 INFO:	request for non-existant page: favicon.ico
2013-02-08 21:43:00,092 INFO:	request for non-existant page: css
2013-02-08 21:43:00,223 INFO:	request for non-existant page: favicon.ico
2013-02-08 21:43:17,078 INFO:	request for non-existant page: css
2013-02-08 21:43:17,141 INFO:	css requested
2013-02-08 21:43:17,214 INFO:	request for non-existant page: quinten/images/back.png
2013-02-08 21:43:17,306 INFO:	request for non-existant page: favicon.ico
2013-02-08 21:43:22,594 INFO:	css requested
2013-02-08 21:43:22,728 INFO:	request for non-existant page: favicon.ico
2013-02-08 21:43:26,010 INFO:	request for non-existant page: favicon.ico
2013-02-08 22:05:26,906 INFO:	 processed
2013-02-08 22:05:26,971 INFO:	css requested
2013-02-08 22:05:27,029 INFO:	request for non-existant page: quinten/images/back.png
2013-02-08 22:05:27,170 INFO:	request for non-existant page: favicon.ico
2013-02-08 22:05:29,196 INFO:	New processed
2013-02-08 22:05:29,222 INFO:	css requested
2013-02-08 22:05:29,267 INFO:	request for non-existant page: quinten/images/back.png
2013-02-08 22:05:29,329 INFO:	request for non-existant page: favicon.ico
2013-02-08 22:05:30,568 INFO:	Out processed
2013-02-08 22:05:30,596 INFO:	css requested
2013-02-08 22:05:30,626 INFO:	request for non-existant page: quinten/images/back.png
2013-02-08 22:05:30,689 INFO:	request for non-existant page: favicon.ico
2013-02-08 22:05:32,301 INFO:	Out processed
2013-02-08 22:05:32,328 INFO:	css requested
2013-02-08 22:05:32,362 INFO:	request for non-existant page: quinten/images/back.png
2013-02-08 22:05:32,428 INFO:	request for non-existant page: favicon.ico
2013-02-08 22:30:13,401 INFO:	New processed
2013-02-08 22:30:13,463 INFO:	css requested
2013-02-08 22:30:13,504 INFO:	request for non-existant page: quinten/images/back.png
2013-02-08 22:30:13,583 INFO:	request for non-existant page: favicon.ico
2013-02-08 22:30:14,700 INFO:	Out processed
2013-02-08 22:30:14,726 INFO:	css requested
2013-02-08 22:30:14,756 INFO:	request for non-existant page: quinten/images/back.png
2013-02-08 22:30:14,815 INFO:	request for non-existant page: favicon.ico
2013-02-08 22:30:15,450 INFO:	Draw processed
2013-02-08 22:30:15,481 INFO:	css requested
2013-02-08 22:30:15,514 INFO:	request for non-existant page: quinten/images/back.png
2013-02-08 22:30:15,577 INFO:	request for non-existant page: favicon.ico
2013-02-08 22:30:15,959 INFO:	Phase processed
2013-02-08 22:30:15,988 INFO:	css requested
2013-02-08 22:30:16,026 INFO:	request for non-existant page: quinten/images/back.png
2013-02-08 22:30:16,084 INFO:	request for non-existant page: favicon.ico
2013-02-08 22:30:16,981 INFO:	Turn processed
2013-02-08 22:30:17,080 INFO:	css requested
2013-02-08 22:30:17,383 INFO:	request for non-existant page: quinten/images/back.png
2013-02-08 22:30:17,431 INFO:	request for non-existant page: favicon.ico
2013-02-08 22:30:17,704 INFO:	Phase processed
2013-02-08 22:30:17,735 INFO:	css requested
2013-02-08 22:30:17,759 INFO:	request for non-existant page: quinten/images/back.png
2013-02-08 22:30:17,813 INFO:	request for non-existant page: favicon.ico
2013-02-08 22:30:18,081 INFO:	Phase processed
2013-02-08 22:30:18,121 INFO:	css requested
2013-02-08 22:30:18,148 INFO:	request for non-existant page: quinten/images/back.png
2013-02-08 22:30:18,211 INFO:	request for non-existant page: favicon.ico
2013-02-08 22:30:18,535 INFO:	Turn processed
2013-02-08 22:30:18,578 INFO:	css requested
2013-02-08 22:30:18,605 INFO:	request for non-existant page: quinten/images/back.png
2013-02-08 22:30:18,665 INFO:	request for non-existant page: favicon.ico
2013-02-08 22:30:21,741 INFO:	New processed
2013-02-08 22:30:21,766 INFO:	css requested
2013-02-08 22:30:21,792 INFO:	request for non-existant page: quinten/images/back.png
2013-02-08 22:30:21,849 INFO:	request for non-existant page: favicon.ico
2013-02-08 22:30:22,681 INFO:	Setup processed
2013-02-08 22:30:22,908 INFO:	css requested
2013-02-08 22:30:23,271 INFO:	request for non-existant page: quinten/images/back.png
2013-02-08 22:30:23,453 INFO:	request for non-existant page: favicon.ico
2013-02-08 22:30:24,880 INFO:	New processed
2013-02-08 22:30:24,907 INFO:	css requested
2013-02-08 22:30:24,933 INFO:	request for non-existant page: quinten/images/back.png
2013-02-08 22:30:24,991 INFO:	request for non-existant page: favicon.ico
2013-02-08 22:30:31,452 INFO:	Out processed
2013-02-08 22:30:31,477 INFO:	css requested
2013-02-08 22:30:31,505 INFO:	request for non-existant page: quinten/images/back.png
2013-02-08 22:30:31,564 INFO:	request for non-existant page: favicon.ico
2013-02-08 22:30:34,397 INFO:	Setup processed
2013-02-08 22:30:34,674 INFO:	css requested
2013-02-08 22:30:34,928 INFO:	request for non-existant page: quinten/images/back.png
2013-02-08 22:30:35,277 INFO:	request for non-existant page: favicon.ico
2013-02-08 22:30:37,887 INFO:	Out processed
2013-02-08 22:30:37,913 INFO:	css requested
2013-02-08 22:30:37,952 INFO:	request for non-existant page: quinten/images/back.png
2013-02-08 22:30:38,016 INFO:	request for non-existant page: favicon.ico
2013-02-08 22:30:53,782 INFO:	Draw processed
2013-02-08 22:30:53,811 INFO:	css requested
2013-02-08 22:30:53,841 INFO:	request for non-existant page: quinten/images/back.png
2013-02-08 22:30:53,891 INFO:	request for non-existant page: favicon.ico
2013-02-08 22:30:59,453 INFO:	Phase processed
2013-02-08 22:30:59,482 INFO:	css requested
2013-02-08 22:30:59,519 INFO:	request for non-existant page: quinten/images/back.png
2013-02-08 22:30:59,579 INFO:	request for non-existant page: favicon.ico
2013-02-08 22:31:00,697 INFO:	Phase processed
2013-02-08 22:31:00,727 INFO:	css requested
2013-02-08 22:31:00,749 INFO:	request for non-existant page: quinten/images/back.png
2013-02-08 22:31:00,805 INFO:	request for non-existant page: favicon.ico
2013-02-08 22:31:01,605 INFO:	Turn processed
2013-02-08 22:31:01,633 INFO:	css requested
2013-02-08 22:31:01,657 INFO:	request for non-existant page: quinten/images/back.png
2013-02-08 22:31:01,713 INFO:	request for non-existant page: favicon.ico
2013-02-08 22:31:02,381 INFO:	Turn processed
2013-02-08 22:31:02,421 INFO:	css requested
2013-02-08 22:31:02,449 INFO:	request for non-existant page: quinten/images/back.png
2013-02-08 22:31:02,513 INFO:	request for non-existant page: favicon.ico
2013-02-08 22:31:03,626 INFO:	Setup processed
2013-02-08 22:31:03,655 INFO:	css requested
2013-02-08 22:31:03,684 INFO:	request for non-existant page: quinten/images/back.png
2013-02-08 22:31:03,736 INFO:	request for non-existant page: favicon.ico
2013-02-08 22:31:05,705 INFO:	Out processed
2013-02-08 22:31:05,738 INFO:	css requested
2013-02-08 22:31:05,781 INFO:	request for non-existant page: quinten/images/back.png
2013-02-08 22:31:05,843 INFO:	request for non-existant page: favicon.ico
2013-02-08 22:37:05,674 INFO:	 processed
2013-02-08 22:37:06,988 INFO:	css requested
2013-02-08 22:37:08,601 INFO:	request for non-existant page: quinten/images/back.png
2013-02-08 22:37:09,083 INFO:	request for non-existant page: favicon.ico
2013-02-08 22:37:52,978 INFO:	New processed
2013-02-08 22:37:53,180 INFO:	css requested
2013-02-08 22:37:53,339 INFO:	request for non-existant page: quinten/images/back.png
2013-02-08 22:37:53,637 INFO:	request for non-existant page: favicon.ico
2013-02-08 22:38:03,507 INFO:	Out processed
2013-02-08 22:38:03,546 INFO:	css requested
2013-02-08 22:38:03,584 INFO:	request for non-existant page: quinten/images/back.png
2013-02-08 22:38:03,651 INFO:	Out processed
2013-02-08 22:38:03,673 INFO:	request for non-existant page: favicon.ico
2013-02-08 22:38:03,826 INFO:	css requested
2013-02-08 22:38:03,949 INFO:	request for non-existant page: quinten/images/back.png
2013-02-08 22:38:04,123 INFO:	request for non-existant page: favicon.ico
2013-02-08 22:38:06,763 INFO:	Turn processed
2013-02-08 22:38:06,792 INFO:	css requested
2013-02-08 22:38:06,820 INFO:	request for non-existant page: quinten/images/back.png
2013-02-08 22:38:06,877 INFO:	request for non-existant page: favicon.ico
2013-02-08 22:38:07,303 INFO:	Phase processed
2013-02-08 22:38:07,334 INFO:	css requested
2013-02-08 22:38:07,500 INFO:	request for non-existant page: quinten/images/back.png
2013-02-08 22:38:07,551 INFO:	request for non-existant page: favicon.ico
2013-02-08 22:38:07,682 INFO:	Draw processed
2013-02-08 22:38:07,710 INFO:	css requested
2013-02-08 22:38:07,742 INFO:	request for non-existant page: quinten/images/back.png
2013-02-08 22:38:07,769 INFO:	Draw processed
2013-02-08 22:38:07,806 INFO:	request for non-existant page: favicon.ico
2013-02-08 22:38:07,914 INFO:	css requested
2013-02-08 22:38:08,008 INFO:	Out processed
2013-02-08 22:38:08,027 INFO:	request for non-existant page: quinten/images/back.png
2013-02-08 22:38:08,043 INFO:	css requested
2013-02-08 22:38:08,082 INFO:	request for non-existant page: quinten/images/back.png
2013-02-08 22:38:08,145 INFO:	request for non-existant page: favicon.ico
2013-02-08 22:38:08,259 INFO:	request for non-existant page: favicon.ico
2013-02-08 22:38:10,354 INFO:	Draw processed
2013-02-08 22:38:10,449 INFO:	css requested
2013-02-08 22:38:10,489 INFO:	request for non-existant page: quinten/images/back.png
2013-02-08 22:38:10,557 INFO:	request for non-existant page: favicon.ico
2013-02-08 22:38:34,784 INFO:	css requested
2013-02-08 22:38:34,882 INFO:	request for non-existant page: quinten/images/back.png
2013-02-08 22:38:35,100 INFO:	request for non-existant page: favicon.ico
2013-02-08 23:18:47,025 INFO:	Draw processed
2013-02-08 23:18:47,078 INFO:	request for non-existant page: css/site_wide.css
2013-02-08 23:18:47,123 INFO:	request for non-existant page: quinten/images/logos/logo.png
2013-02-08 23:18:47,200 INFO:	request for non-existant page: favicon.ico
2013-02-08 23:38:06,576 INFO:	request for non-existant page: css/site_wide.css
2013-02-08 23:38:06,623 INFO:	request for non-existant page: css/css/site_wide.css
2013-02-08 23:38:17,081 INFO:	request for non-existant page: quinten/images/logos/logo.png
2013-02-08 23:38:17,091 INFO:	request for non-existant page: css/site_wide.css
2013-02-08 23:38:17,115 INFO:	request for non-existant page: quinten/images/logos/logo.png
2013-02-08 23:38:17,159 INFO:	request for non-existant page: favicon.ico
2013-02-08 23:38:26,735 INFO:	 processed
2013-02-08 23:38:26,766 INFO:	request for non-existant page: css/site_wide.css
2013-02-08 23:38:26,791 INFO:	request for non-existant page: quinten/images/logos/logo.png
2013-02-08 23:38:26,989 INFO:	request for non-existant page: favicon.ico
2013-02-08 23:46:13,844 INFO:	 processed
2013-02-08 23:46:13,888 INFO:	request for non-existant page: css/site_wide.css
2013-02-08 23:46:13,923 INFO:	request for non-existant page: quinten/images/logos/logo.png
2013-02-08 23:46:13,995 INFO:	request for non-existant page: favicon.ico
2013-02-08 23:46:23,383 INFO:	request for non-existant page: site_wide.css
2013-02-08 23:46:23,421 INFO:	request for non-existant page: css/site_wide.css
2013-02-08 23:46:23,438 INFO:	request for non-existant page: quinten/images/logos/logo.png
2013-02-08 23:46:23,490 INFO:	request for non-existant page: favicon.ico
2013-02-09 00:01:02,678 INFO:	request for non-existant page: site_wide.css
2013-02-09 00:01:02,722 INFO:	css requested
2013-02-09 00:01:02,757 INFO:	request for non-existant page: quinten/images/logos/logo.png
2013-02-09 00:01:02,769 INFO:	request for non-existant page: quinten/images/back.png
2013-02-09 00:01:02,851 INFO:	request for non-existant page: favicon.ico
2013-02-09 00:01:09,825 INFO:	css requested
2013-02-09 00:01:09,949 INFO:	request for non-existant page: favicon.ico
2013-02-09 00:01:18,246 INFO:	 processed
2013-02-09 00:01:18,387 INFO:	css requested
2013-02-09 00:01:18,397 INFO:	request for non-existant page: quinten/images/logos/logo.png
2013-02-09 00:01:18,409 INFO:	request for non-existant page: quinten/images/back.png
2013-02-09 00:01:18,578 INFO:	request for non-existant page: favicon.ico
2013-02-09 00:02:23,304 INFO:	New processed
2013-02-09 00:02:23,369 INFO:	css requested
2013-02-09 00:02:23,387 INFO:	request for non-existant page: quinten/images/logos/logo.png
2013-02-09 00:02:23,409 INFO:	request for non-existant page: quinten/images/back.png
2013-02-09 00:02:23,502 INFO:	request for non-existant page: favicon.ico
2013-02-09 00:02:25,571 INFO:	Out processed
2013-02-09 00:02:25,703 INFO:	css requested
2013-02-09 00:02:25,768 INFO:	request for non-existant page: quinten/images/logos/logo.png
2013-02-09 00:02:25,810 INFO:	request for non-existant page: quinten/images/back.png
2013-02-09 00:02:26,054 INFO:	request for non-existant page: favicon.ico
2013-02-09 00:15:46,519 INFO:	Out processed
2013-02-09 00:15:46,565 INFO:	css requested
2013-02-09 00:15:46,606 INFO:	request for non-existant page: quinten/images/logos/logo.png
2013-02-09 00:15:46,618 INFO:	request for non-existant page: quinten/images/back.png
2013-02-09 00:15:46,714 INFO:	request for non-existant page: favicon.ico
2013-02-09 00:16:00,881 INFO:	request for non-existant page: favicon.ico
2013-02-09 00:16:02,196 INFO:	request for non-existant page: quinten/images/logos/logo.png
2013-02-09 00:16:02,752 INFO:	css requested
2013-02-09 00:16:02,762 INFO:	request for non-existant page: quinten/images/logos/logo.png
2013-02-09 00:16:02,915 INFO:	request for non-existant page: quinten/images/back.png
2013-02-09 00:16:03,001 INFO:	request for non-existant page: favicon.ico
2013-02-09 00:16:23,163 INFO:	Out processed
2013-02-09 00:16:23,194 INFO:	css requested
2013-02-09 00:16:23,218 INFO:	css requested
2013-02-09 00:16:23,230 INFO:	request for non-existant page: quinten/images/back.png
2013-02-09 00:16:23,311 INFO:	request for non-existant page: favicon.ico
2013-02-09 00:16:46,912 INFO:	 processed
2013-02-09 00:16:47,160 INFO:	css requested
2013-02-09 00:16:47,245 INFO:	css requested
2013-02-09 00:16:47,488 INFO:	request for non-existant page: quinten/images/back.png
2013-02-09 00:16:47,697 INFO:	request for non-existant page: favicon.ico
2013-02-09 00:16:47,820 INFO:	request for non-existant page: favicon.ico
2013-02-09 00:16:56,080 INFO:	Draw processed
2013-02-09 00:16:56,176 INFO:	css requested
2013-02-09 00:16:56,213 INFO:	css requested
2013-02-09 00:16:56,233 INFO:	request for non-existant page: quinten/images/back.png
2013-02-09 00:16:56,529 INFO:	request for non-existant page: favicon.ico
2013-02-09 00:16:56,853 INFO:	Phase processed
2013-02-09 00:16:56,886 INFO:	css requested
2013-02-09 00:16:56,905 INFO:	css requested
2013-02-09 00:16:56,919 INFO:	request for non-existant page: quinten/images/back.png
2013-02-09 00:16:56,977 INFO:	request for non-existant page: favicon.ico
2013-02-09 00:16:57,471 INFO:	Turn processed
2013-02-09 00:16:57,525 INFO:	css requested
2013-02-09 00:16:57,557 INFO:	css requested
2013-02-09 00:16:57,575 INFO:	request for non-existant page: quinten/images/back.png
2013-02-09 00:16:57,644 INFO:	request for non-existant page: favicon.ico
2013-02-09 00:16:58,125 INFO:	Draw processed
2013-02-09 00:16:58,159 INFO:	css requested
2013-02-09 00:16:58,181 INFO:	css requested
2013-02-09 00:16:58,217 INFO:	request for non-existant page: quinten/images/back.png
2013-02-09 00:16:58,272 INFO:	request for non-existant page: favicon.ico
2013-02-09 00:16:58,660 INFO:	Out processed
2013-02-09 00:16:58,689 INFO:	css requested
2013-02-09 00:16:58,709 INFO:	css requested
2013-02-09 00:16:58,720 INFO:	request for non-existant page: quinten/images/back.png
2013-02-09 00:16:58,791 INFO:	request for non-existant page: favicon.ico
2013-02-09 00:17:00,339 INFO:	Out processed
2013-02-09 00:17:00,367 INFO:	css requested
2013-02-09 00:17:00,387 INFO:	css requested
2013-02-09 00:17:00,543 INFO:	request for non-existant page: quinten/images/back.png
2013-02-09 00:17:00,597 INFO:	request for non-existant page: favicon.ico
2013-02-09 00:17:01,499 INFO:	Out processed
2013-02-09 00:17:01,678 INFO:	css requested
2013-02-09 00:17:01,702 INFO:	css requested
2013-02-09 00:17:01,836 INFO:	request for non-existant page: quinten/images/back.png
2013-02-09 00:17:17,336 INFO:	New processed
2013-02-09 00:17:17,515 INFO:	css requested
2013-02-09 00:17:17,543 INFO:	css requested
2013-02-09 00:17:17,648 INFO:	request for non-existant page: quinten/images/back.png
2013-02-09 00:17:20,306 INFO:	Phase processed
2013-02-09 00:17:20,564 INFO:	css requested
2013-02-09 00:17:20,593 INFO:	css requested
2013-02-09 00:17:20,754 INFO:	request for non-existant page: quinten/images/back.png
2013-02-09 00:17:21,862 INFO:	Turn processed
2013-02-09 00:17:22,263 INFO:	css requested
2013-02-09 00:17:22,288 INFO:	css requested
2013-02-09 00:17:22,470 INFO:	request for non-existant page: quinten/images/back.png
2013-02-09 00:17:24,801 INFO:	Setup processed
2013-02-09 00:17:24,962 INFO:	css requested
2013-02-09 00:17:25,000 INFO:	css requested
2013-02-09 00:17:25,145 INFO:	request for non-existant page: quinten/images/back.png
2013-02-09 00:17:26,995 INFO:	Turn processed
2013-02-09 00:17:27,188 INFO:	css requested
2013-02-09 00:17:27,215 INFO:	css requested
2013-02-09 00:17:27,348 INFO:	request for non-existant page: quinten/images/back.png
2013-02-09 00:17:27,795 INFO:	Phase processed
2013-02-09 00:17:27,978 INFO:	css requested
2013-02-09 00:17:28,003 INFO:	css requested
2013-02-09 00:17:28,129 INFO:	request for non-existant page: quinten/images/back.png
2013-02-09 00:17:29,935 INFO:	New processed
2013-02-09 00:17:30,148 INFO:	css requested
2013-02-09 00:17:30,189 INFO:	css requested
2013-02-09 00:17:30,358 INFO:	request for non-existant page: quinten/images/back.png
2013-02-09 00:26:15,830 INFO:	css requested
2013-02-09 00:26:16,016 INFO:	request for non-existant page: favicon.ico
2013-02-09 00:26:24,567 INFO:	 processed
2013-02-09 00:26:24,603 INFO:	css requested
2013-02-09 00:26:24,646 INFO:	Out processed
2013-02-09 00:26:24,663 INFO:	css requested
2013-02-09 00:26:24,680 INFO:	request for non-existant page: quinten/images/back.png
2013-02-09 00:26:24,733 INFO:	request for non-existant page: favicon.ico
2013-02-09 00:26:43,042 INFO:	New processed
2013-02-09 00:26:43,083 INFO:	css requested
2013-02-09 00:26:43,124 INFO:	css requested
2013-02-09 00:26:43,135 INFO:	request for non-existant page: quinten/images/back.png
2013-02-09 00:26:43,249 INFO:	request for non-existant page: favicon.ico
2013-02-09 00:26:53,289 INFO:	css requested
2013-02-09 00:26:53,399 INFO:	request for non-existant page: favicon.ico
2013-02-09 00:26:59,094 INFO:	css requested
2013-02-09 00:26:59,117 INFO:	css requested
2013-02-09 00:26:59,128 INFO:	request for non-existant page: quinten/images/back.png
2013-02-09 00:26:59,195 INFO:	request for non-existant page: favicon.ico
